build/app/outputs/logs/manifest-merger-debug-report.txt
-- Merging decision tree log ---
manifest
ADDED from src/main/AndroidManifest.xml:1:1-45:12
INJECTED from src/main/AndroidManifest.xml:1:1-45:12
INJECTED from src/main/AndroidManifest.xml:1:1-45:12
INJECTED from src/main/AndroidManifest.xml:1:1-45:12
MERGED from src/main/AndroidManifest.xml:1:1-45:12
MERGED from [:file_picker] AndroidManifest.xml:2:1-9:12
MERGED from [:shared_preferences] AndroidManifest.xml:2:1-7:12
MERGED from [:image_picker] AndroidManifest.xml:2:1-22:12
MERGED from [:url_launcher] AndroidManifest.xml:2:1-14:12
MERGED from [:flutter_plugin_android_lifecycle] AndroidManifest.xml:2:1-7:12
MERGED from [:uni_links] AndroidManifest.xml:2:1-7:12
MERGED from [:url_launcher_web] AndroidManifest.xml:2:1-7:12
MERGED from [androidx.fragment:fragment:1.0.0] AndroidManifest.xml:17:1-22:12
MERGED from [androidx.legacy:legacy-support-core-ui:1.0.0] AndroidManifest.xml:17:1-22:12
MERGED from [androidx.legacy:legacy-support-core-utils:1.0.0] AndroidManifest.xml:17:1-22:12
MERGED from [androidx.loader:loader:1.0.0] AndroidManifest.xml:17:1-22:12
MERGED from [androidx.viewpager:viewpager:1.0.0] AndroidManifest.xml:17:1-22:12
MERGED from [androidx.coordinatorlayout:coordinatorlayout:1.0.0] AndroidManifest.xml:17:1-22:12
MERGED from [androidx.drawerlayout:drawerlayout:1.0.0] AndroidManifest.xml:17:1-22:12
MERGED from [androidx.slidingpanelayout:slidingpanelayout:1.0.0] AndroidManifest.xml:17:1-22:12
MERGED from [androidx.customview:customview:1.0.0] AndroidManifest.xml:17:1-22:12
MERGED from [androidx.swiperefreshlayout:swiperefreshlayout:1.0.0] AndroidManifest.xml:17:1-22:12
MERGED from [androidx.asynclayoutinflater:asynclayoutinflater:1.0.0] AndroidManifest.xml:17:1-22:12
MERGED from [androidx.core:core:1.0.2] AndroidManifest.xml:17:1-24:12
MERGED from [androidx.lifecycle:lifecycle-runtime:2.1.0] AndroidManifest.xml:17:1-22:12
MERGED from [androidx.lifecycle:lifecycle-livedata:2.0.0] AndroidManifest.xml:17:1-22:12
MERGED from [androidx.lifecycle:lifecycle-livedata-core:2.0.0] AndroidManifest.xml:17:1-22:12
MERGED from [androidx.lifecycle:lifecycle-viewmodel:2.0.0] AndroidManifest.xml:17:1-22:12
MERGED from [androidx.arch.core:core-runtime:2.0.0] AndroidManifest.xml:17:1-22:12
MERGED from [androidx.versionedparcelable:versionedparcelable:1.0.0] AndroidManifest.xml:17:1-25:12
MERGED from [androidx.interpolator:interpolator:1.0.0] AndroidManifest.xml:17:1-22:12
MERGED from [androidx.cursoradapter:cursoradapter:1.0.0] AndroidManifest.xml:17:1-22:12
MERGED from [androidx.documentfile:documentfile:1.0.0] AndroidManifest.xml:17:1-22:12
MERGED from [androidx.localbroadcastmanager:localbroadcastmanager:1.0.0] AndroidManifest.xml:17:1-22:12
MERGED from [androidx.print:print:1.0.0] AndroidManifest.xml:17:1-22:12
INJECTED from src/debug/AndroidManifest.xml:1:1-7:12
INJECTED from src/debug/AndroidManifest.xml:1:1-7:12
INJECTED from src/debug/AndroidManifest.xml:1:1-7:12
	package
		ADDED from src/main/AndroidManifest.xml:2:5-44
		INJECTED from src/main/AndroidManifest.xml
		INJECTED from src/debug/AndroidManifest.xml
	android:versionName
		INJECTED from src/main/AndroidManifest.xml
		ADDED from src/main/AndroidManifest.xml:1:1-45:12
		INJECTED from src/debug/AndroidManifest.xml
	android:versionCode
		INJECTED from src/main/AndroidManifest.xml
		ADDED from src/main/AndroidManifest.xml:1:1-45:12
		INJECTED from src/debug/AndroidManifest.xml
	xmlns:android
		ADDED from src/main/AndroidManifest.xml:1:11-69
application
ADDED from src/main/AndroidManifest.xml:9:5-44:19
MERGED from [:image_picker] AndroidManifest.xml:10:5-20:19
MERGED from [:image_picker] AndroidManifest.xml:10:5-20:19
MERGED from [:url_launcher] AndroidManifest.xml:7:5-12:19
MERGED from [:url_launcher] AndroidManifest.xml:7:5-12:19
MERGED from [androidx.core:core:1.0.2] AndroidManifest.xml:22:5-89
MERGED from [androidx.core:core:1.0.2] AndroidManifest.xml:22:5-89
MERGED from [androidx.versionedparcelable:versionedparcelable:1.0.0] AndroidManifest.xml:22:5-23:19
MERGED from [androidx.versionedparcelable:versionedparcelable:1.0.0] AndroidManifest.xml:22:5-23:19
	android:appComponentFactory
		ADDED from [androidx.core:core:1.0.2] AndroidManifest.xml:22:18-86
	android:label
		ADDED from src/main/AndroidManifest.xml:11:9-28
	android:icon
		ADDED from src/main/AndroidManifest.xml:12:9-43
	android:name
		ADDED from src/main/AndroidManifest.xml:10:9-57
activity#com.flutter.my_garden_watcher.MainActivity
ADDED from src/main/AndroidManifest.xml:13:9-43:20
	android:launchMode
		ADDED from src/main/AndroidManifest.xml:15:13-43
	android:hardwareAccelerated
		ADDED from src/main/AndroidManifest.xml:18:13-47
	android:windowSoftInputMode
		ADDED from src/main/AndroidManifest.xml:19:13-55
	android:configChanges
		ADDED from src/main/AndroidManifest.xml:17:13-144
	android:theme
		ADDED from src/main/AndroidManifest.xml:16:13-47
	android:name
		ADDED from src/main/AndroidManifest.xml:14:13-41
meta-data#io.flutter.app.android.SplashScreenUntilFirstFrame
ADDED from src/main/AndroidManifest.xml:24:13-26:40
	android:value
		ADDED from src/main/AndroidManifest.xml:26:17-37
	android:name
		ADDED from src/main/AndroidManifest.xml:25:17-82
intent-filter#action:name:android.intent.action.MAIN+category:name:android.intent.category.LAUNCHER
ADDED from src/main/AndroidManifest.xml:27:13-30:29
action#android.intent.action.MAIN
ADDED from src/main/AndroidManifest.xml:28:17-68
	android:name
		ADDED from src/main/AndroidManifest.xml:28:25-66
category#android.intent.category.LAUNCHER
ADDED from src/main/AndroidManifest.xml:29:17-76
	android:name
		ADDED from src/main/AndroidManifest.xml:29:27-74
intent-filter#action:name:android.intent.action.VIEW+category:name:android.intent.category.BROWSABLE+category:name:android.intent.category.DEFAULT+data:host:www.mygardenwatcher.fr+data:pathPrefix:/reset-password+data:scheme:http
ADDED from src/main/AndroidManifest.xml:32:13-41:29
action#android.intent.action.VIEW
ADDED from src/main/AndroidManifest.xml:33:17-69
	android:name
		ADDED from src/main/AndroidManifest.xml:33:25-66
category#android.intent.category.DEFAULT
ADDED from src/main/AndroidManifest.xml:34:17-76
	android:name
		ADDED from src/main/AndroidManifest.xml:34:27-73
category#android.intent.category.BROWSABLE
ADDED from src/main/AndroidManifest.xml:35:17-78
	android:name
		ADDED from src/main/AndroidManifest.xml:35:27-75
data
ADDED from src/main/AndroidManifest.xml:37:17-39:60
	android:host
		ADDED from src/main/AndroidManifest.xml:38:21-58
	android:scheme
		ADDED from src/main/AndroidManifest.xml:37:23-44
	android:pathPrefix
		ADDED from src/main/AndroidManifest.xml:39:21-57
uses-sdk
INJECTED from src/main/AndroidManifest.xml reason: use-sdk injection requested
INJECTED from src/main/AndroidManifest.xml
INJECTED from src/main/AndroidManifest.xml
MERGED from [:file_picker] AndroidManifest.xml:5:5-44
MERGED from [:file_picker] AndroidManifest.xml:5:5-44
MERGED from [:shared_preferences] AndroidManifest.xml:5:5-44
MERGED from [:shared_preferences] AndroidManifest.xml:5:5-44
MERGED from [:image_picker] AndroidManifest.xml:5:5-44
MERGED from [:image_picker] AndroidManifest.xml:5:5-44
MERGED from [:url_launcher] AndroidManifest.xml:5:5-44
MERGED from [:url_launcher] AndroidManifest.xml:5:5-44
MERGED from [:flutter_plugin_android_lifecycle] AndroidManifest.xml:5:5-44
MERGED from [:flutter_plugin_android_lifecycle] AndroidManifest.xml:5:5-44
MERGED from [:uni_links] AndroidManifest.xml:5:5-44
MERGED from [:uni_links] AndroidManifest.xml:5:5-44
MERGED from [:url_launcher_web] AndroidManifest.xml:5:5-44
MERGED from [:url_launcher_web] AndroidManifest.xml:5:5-44
MERGED from [androidx.fragment:fragment:1.0.0] AndroidManifest.xml:20:5-44
MERGED from [androidx.fragment:fragment:1.0.0] AndroidManifest.xml:20:5-44
MERGED from [androidx.legacy:legacy-support-core-ui:1.0.0] AndroidManifest.xml:20:5-44
MERGED from [androidx.legacy:legacy-support-core-ui:1.0.0] AndroidManifest.xml:20:5-44
MERGED from [androidx.legacy:legacy-support-core-utils:1.0.0] AndroidManifest.xml:20:5-44
MERGED from [androidx.legacy:legacy-support-core-utils:1.0.0] AndroidManifest.xml:20:5-44
MERGED from [androidx.loader:loader:1.0.0] AndroidManifest.xml:20:5-44
MERGED from [androidx.loader:loader:1.0.0] AndroidManifest.xml:20:5-44
MERGED from [androidx.viewpager:viewpager:1.0.0] AndroidManifest.xml:20:5-44
MERGED from [androidx.viewpager:viewpager:1.0.0] AndroidManifest.xml:20:5-44
MERGED from [androidx.coordinatorlayout:coordinatorlayout:1.0.0] AndroidManifest.xml:20:5-44
MERGED from [androidx.coordinatorlayout:coordinatorlayout:1.0.0] AndroidManifest.xml:20:5-44
MERGED from [androidx.drawerlayout:drawerlayout:1.0.0] AndroidManifest.xml:20:5-44
MERGED from [androidx.drawerlayout:drawerlayout:1.0.0] AndroidManifest.xml:20:5-44
MERGED from [androidx.slidingpanelayout:slidingpanelayout:1.0.0] AndroidManifest.xml:20:5-44
MERGED from [androidx.slidingpanelayout:slidingpanelayout:1.0.0] AndroidManifest.xml:20:5-44
MERGED from [androidx.customview:customview:1.0.0] AndroidManifest.xml:20:5-44
MERGED from [androidx.customview:customview:1.0.0] AndroidManifest.xml:20:5-44
MERGED from [androidx.swiperefreshlayout:swiperefreshlayout:1.0.0] AndroidManifest.xml:20:5-44
MERGED from [androidx.swiperefreshlayout:swiperefreshlayout:1.0.0] AndroidManifest.xml:20:5-44
MERGED from [androidx.asynclayoutinflater:asynclayoutinflater:1.0.0] AndroidManifest.xml:20:5-44
MERGED from [androidx.asynclayoutinflater:asynclayoutinflater:1.0.0] AndroidManifest.xml:20:5-44
MERGED from [androidx.core:core:1.0.2] AndroidManifest.xml:20:5-44
MERGED from [androidx.core:core:1.0.2] AndroidManifest.xml:20:5-44
MERGED from [androidx.lifecycle:lifecycle-runtime:2.1.0] AndroidManifest.xml:20:5-44
MERGED from [androidx.lifecycle:lifecycle-runtime:2.1.0] AndroidManifest.xml:20:5-44
MERGED from [androidx.lifecycle:lifecycle-livedata:2.0.0] AndroidManifest.xml:20:5-44
MERGED from [androidx.lifecycle:lifecycle-livedata:2.0.0] AndroidManifest.xml:20:5-44
MERGED from [androidx.lifecycle:lifecycle-livedata-core:2.0.0] AndroidManifest.xml:20:5-44
MERGED from [androidx.lifecycle:lifecycle-livedata-core:2.0.0] AndroidManifest.xml:20:5-44
MERGED from [androidx.lifecycle:lifecycle-viewmodel:2.0.0] AndroidManifest.xml:20:5-44
MERGED from [androidx.lifecycle:lifecycle-viewmodel:2.0.0] AndroidManifest.xml:20:5-44
MERGED from [androidx.arch.core:core-runtime:2.0.0] AndroidManifest.xml:20:5-44
MERGED from [androidx.arch.core:core-runtime:2.0.0] AndroidManifest.xml:20:5-44
MERGED from [androidx.versionedparcelable:versionedparcelable:1.0.0] AndroidManifest.xml:20:5-44
MERGED from [androidx.versionedparcelable:versionedparcelable:1.0.0] AndroidManifest.xml:20:5-44
MERGED from [androidx.interpolator:interpolator:1.0.0] AndroidManifest.xml:20:5-44
MERGED from [androidx.interpolator:interpolator:1.0.0] AndroidManifest.xml:20:5-44
MERGED from [androidx.cursoradapter:cursoradapter:1.0.0] AndroidManifest.xml:20:5-44
MERGED from [androidx.cursoradapter:cursoradapter:1.0.0] AndroidManifest.xml:20:5-44
MERGED from [androidx.documentfile:documentfile:1.0.0] AndroidManifest.xml:20:5-44
MERGED from [androidx.documentfile:documentfile:1.0.0] AndroidManifest.xml:20:5-44
MERGED from [androidx.localbroadcastmanager:localbroadcastmanager:1.0.0] AndroidManifest.xml:20:5-44
MERGED from [androidx.localbroadcastmanager:localbroadcastmanager:1.0.0] AndroidManifest.xml:20:5-44
MERGED from [androidx.print:print:1.0.0] AndroidManifest.xml:20:5-44
MERGED from [androidx.print:print:1.0.0] AndroidManifest.xml:20:5-44
INJECTED from src/debug/AndroidManifest.xml
INJECTED from src/debug/AndroidManifest.xml
	android:targetSdkVersion
		INJECTED from src/main/AndroidManifest.xml
		INJECTED from src/debug/AndroidManifest.xml
	android:minSdkVersion
		INJECTED from src/main/AndroidManifest.xml
		INJECTED from src/debug/AndroidManifest.xml
uses-permission#android.permission.INTERNET
ADDED from src/debug/AndroidManifest.xml:6:5-66
	android:name
		ADDED from src/debug/AndroidManifest.xml:6:22-64
uses-permission#android.permission.READ_EXTERNAL_STORAGE
ADDED from [:file_picker] AndroidManifest.xml:7:5-80
MERGED from [:image_picker] AndroidManifest.xml:7:5-80
MERGED from [:image_picker] AndroidManifest.xml:7:5-80
	android:name
		ADDED from [:file_picker] AndroidManifest.xml:7:22-77
uses-permission#android.permission.WRITE_EXTERNAL_STORAGE
ADDED from [:image_picker] AndroidManifest.xml:8:5-81
	android:name
		ADDED from [:image_picker] AndroidManifest.xml:8:22-78
provider#io.flutter.plugins.imagepicker.ImagePickerFileProvider
ADDED from [:image_picker] AndroidManifest.xml:11:9-19:20
	android:grantUriPermissions
		ADDED from [:image_picker] AndroidManifest.xml:15:13-47
	android:authorities
		ADDED from [:image_picker] AndroidManifest.xml:13:13-74
	android:exported
		ADDED from [:image_picker] AndroidManifest.xml:14:13-37
	android:name
		ADDED from [:image_picker] AndroidManifest.xml:12:13-82
meta-data#android.support.FILE_PROVIDER_PATHS
ADDED from [:image_picker] AndroidManifest.xml:16:13-18:75
	android:resource
		ADDED from [:image_picker] AndroidManifest.xml:18:17-72
	android:name
		ADDED from [:image_picker] AndroidManifest.xml:17:17-67
activity#io.flutter.plugins.urllauncher.WebViewActivity
ADDED from [:url_launcher] AndroidManifest.xml:8:9-11:74
	android:exported
		ADDED from [:url_launcher] AndroidManifest.xml:10:13-37
	android:theme
		ADDED from [:url_launcher] AndroidManifest.xml:11:13-71
	android:name
		ADDED from [:url_launcher] AndroidManifest.xml:9:13-74